<?xml version="1.0" encoding="UTF-8"?>
<testsuite xmlns:xsi="http://www.w3.org/2001/XMLSchema-instance" xsi:noNamespaceSchemaLocation="https://maven.apache.org/surefire/maven-surefire-plugin/xsd/surefire-test-report-3.0.xsd" version="3.0" name="TestSuite" time="10.159" tests="2" errors="0" skipped="0" failures="0">
  <properties>
[...]
</properties>
  <testcase name="LoginWithInValidCredentials" classname="com.jdrf.testScripts.loginPage.LogInTest" time="0.883"/>
  <testcase name="LoginWithBlankCredentials" classname="com.jdrf.testScripts.loginPage.LogInTest" time="0.826"/>
</testsuite>