<?xml version="1.0" encoding="UTF-8"?>
<testng-results ignored="0" total="1" passed="1" failed="0" skipped="0">
  <reporter-output>
  </reporter-output>
  <suite started-at="2023-08-22T08:55:12Z" name="Default suite" finished-at="2023-08-22T08:56:27Z" duration-ms="75179">
    <groups>
    </groups>
    <test started-at="2023-08-22T08:55:12Z" name="Default test" finished-at="2023-08-22T08:56:27Z" duration-ms="75179">
      <class name="com.bk.testScripts.loginPage.LogInTest">
        <test-method is-config="true" signature="beforeSuite()[pri:0, instance:com.bk.testScripts.loginPage.LogInTest@7e6ef134]" started-at="2023-08-22T14:25:12Z" name="beforeSuite" finished-at="2023-08-22T14:25:12Z" duration-ms="214" status="PASS">
          <reporter-output>
          </reporter-output>
        </test-method> <!-- beforeSuite -->
        <test-method is-config="true" signature="beforeTest()[pri:0, instance:com.bk.testScripts.loginPage.LogInTest@7e6ef134]" started-at="2023-08-22T14:25:12Z" name="beforeTest" finished-at="2023-08-22T14:25:17Z" duration-ms="4700" status="PASS">
          <reporter-output>
          </reporter-output>
        </test-method> <!-- beforeTest -->
        <test-method is-config="true" signature="beforeMethod(java.lang.reflect.Method)[pri:0, instance:com.bk.testScripts.loginPage.LogInTest@7e6ef134]" started-at="2023-08-22T14:25:17Z" name="beforeMethod" finished-at="2023-08-22T14:25:18Z" duration-ms="960" status="PASS">
          <params>
            <param index="0">
              <value>
                <![CDATA[public void com.bk.testScripts.loginPage.LogInTest.LoginWithValidCredentials() throws java.lang.InterruptedException]]>
              </value>
            </param>
          </params>
          <reporter-output>
          </reporter-output>
        </test-method> <!-- beforeMethod -->
        <test-method signature="LoginWithValidCredentials()[pri:0, instance:com.bk.testScripts.loginPage.LogInTest@7e6ef134]" started-at="2023-08-22T14:25:18Z" name="LoginWithValidCredentials" description="Login with valid credentials" finished-at="2023-08-22T14:26:22Z" duration-ms="64591" status="PASS">
          <reporter-output>
          </reporter-output>
        </test-method> <!-- LoginWithValidCredentials -->
        <test-method is-config="true" signature="afterMethod(org.testng.ITestResult)[pri:0, instance:com.bk.testScripts.loginPage.LogInTest@7e6ef134]" started-at="2023-08-22T14:26:22Z" name="afterMethod" finished-at="2023-08-22T14:26:23Z" duration-ms="737" status="PASS">
          <params>
            <param index="0">
              <value>
                <![CDATA[[TestResult name=LoginWithValidCredentials status=SUCCESS method=LogInTest.LoginWithValidCredentials()[pri:0, instance:com.bk.testScripts.loginPage.LogInTest@7e6ef134] output={null}]]]>
              </value>
            </param>
          </params>
          <reporter-output>
          </reporter-output>
        </test-method> <!-- afterMethod -->
        <test-method is-config="true" signature="afterTest()[pri:0, instance:com.bk.testScripts.loginPage.LogInTest@7e6ef134]" started-at="2023-08-22T14:26:23Z" name="afterTest" finished-at="2023-08-22T14:26:27Z" duration-ms="4172" status="PASS">
          <reporter-output>
          </reporter-output>
        </test-method> <!-- afterTest -->
      </class> <!-- com.bk.testScripts.loginPage.LogInTest -->
    </test> <!-- Default test -->
  </suite> <!-- Default suite -->
</testng-results>
