<?xml version="1.0" encoding="UTF-8"?>
<testng-results ignored="0" total="1" passed="1" failed="0" skipped="0">
  <reporter-output>
  </reporter-output>
  <suite started-at="2023-08-22T10:14:50Z" name="Default suite" finished-at="2023-08-22T10:16:02Z" duration-ms="71549">
    <groups>
    </groups>
    <test started-at="2023-08-22T10:14:50Z" name="Default test" finished-at="2023-08-22T10:16:02Z" duration-ms="71549">
      <class name="com.bk.testScripts.loginPage.LogInTest">
        <test-method is-config="true" signature="beforeSuite()[pri:0, instance:com.bk.testScripts.loginPage.LogInTest@7e6ef134]" started-at="2023-08-22T15:44:50Z" name="beforeSuite" finished-at="2023-08-22T15:44:50Z" duration-ms="212" status="PASS">
          <reporter-output>
          </reporter-output>
        </test-method> <!-- beforeSuite -->
        <test-method is-config="true" signature="beforeTest()[pri:0, instance:com.bk.testScripts.loginPage.LogInTest@7e6ef134]" started-at="2023-08-22T15:44:50Z" name="beforeTest" finished-at="2023-08-22T15:44:56Z" duration-ms="5434" status="PASS">
          <reporter-output>
          </reporter-output>
        </test-method> <!-- beforeTest -->
        <test-method is-config="true" signature="beforeMethod(java.lang.reflect.Method)[pri:0, instance:com.bk.testScripts.loginPage.LogInTest@7e6ef134]" started-at="2023-08-22T15:44:56Z" name="beforeMethod" finished-at="2023-08-22T15:44:57Z" duration-ms="939" status="PASS">
          <params>
            <param index="0">
              <value>
                <![CDATA[public void com.bk.testScripts.loginPage.LogInTest.LoginWithValidCredentials() throws java.lang.InterruptedException]]>
              </value>
            </param>
          </params>
          <reporter-output>
          </reporter-output>
        </test-method> <!-- beforeMethod -->
        <test-method signature="LoginWithValidCredentials()[pri:0, instance:com.bk.testScripts.loginPage.LogInTest@7e6ef134]" started-at="2023-08-22T15:44:57Z" name="LoginWithValidCredentials" description="Login with valid credentials" finished-at="2023-08-22T15:45:57Z" duration-ms="60381" status="PASS">
          <reporter-output>
          </reporter-output>
        </test-method> <!-- LoginWithValidCredentials -->
        <test-method is-config="true" signature="afterMethod(org.testng.ITestResult)[pri:0, instance:com.bk.testScripts.loginPage.LogInTest@7e6ef134]" started-at="2023-08-22T15:45:57Z" name="afterMethod" finished-at="2023-08-22T15:45:58Z" duration-ms="691" status="PASS">
          <params>
            <param index="0">
              <value>
                <![CDATA[[TestResult name=LoginWithValidCredentials status=SUCCESS method=LogInTest.LoginWithValidCredentials()[pri:0, instance:com.bk.testScripts.loginPage.LogInTest@7e6ef134] output={null}]]]>
              </value>
            </param>
          </params>
          <reporter-output>
          </reporter-output>
        </test-method> <!-- afterMethod -->
        <test-method is-config="true" signature="afterTest()[pri:0, instance:com.bk.testScripts.loginPage.LogInTest@7e6ef134]" started-at="2023-08-22T15:45:58Z" name="afterTest" finished-at="2023-08-22T15:46:02Z" duration-ms="4092" status="PASS">
          <reporter-output>
          </reporter-output>
        </test-method> <!-- afterTest -->
      </class> <!-- com.bk.testScripts.loginPage.LogInTest -->
    </test> <!-- Default test -->
  </suite> <!-- Default suite -->
</testng-results>
